2025-05-09 11:30:15,155 [INFO] ThreadPool created with size: 4
2025-05-09 11:30:15,241 [INFO] Server started on port 8080
2025-05-09 11:30:18,273 [INFO] New client connected: 17
2025-05-09 11:30:21,982 [INFO] Register failed: user already exists.
2025-05-09 11:30:26,586 [INFO] Register success!
2025-05-09 11:30:28,820 [INFO] Login success!
2025-05-09 11:30:37,733 [ERROR] read failed
2025-05-09 11:30:37,733 [INFO] client: exit
2025-05-09 11:30:37,735 [INFO] Removed client fd: 17
2025-05-09 11:30:37,735 [INFO] Set is_logged_in = 0 for user: 
2025-05-09 11:31:36,301 [INFO] ThreadPool created with size: 4
2025-05-09 11:31:36,362 [INFO] Server started on port 8080
2025-05-09 11:33:03,055 [INFO] ThreadPool created with size: 4
2025-05-09 11:33:03,137 [INFO] Server started on port 8080
2025-05-09 11:33:05,817 [INFO] New client connected: 17
2025-05-09 11:33:10,925 [INFO] Register success!
2025-05-09 11:33:16,365 [INFO] Login success!
2025-05-09 11:33:17,649 [ERROR] read failed
2025-05-09 11:33:17,649 [INFO] client: exit
2025-05-09 11:33:17,652 [INFO] Removed client fd: 17
2025-05-09 11:33:17,652 [INFO] Set is_logged_in = 0 for user: liuyi
2025-05-09 11:33:18,357 [INFO] New client connected: 17
2025-05-09 11:33:23,027 [INFO] Login success!
2025-05-09 11:34:31,694 [ERROR] read failed
2025-05-09 11:34:31,694 [INFO] client: exit
2025-05-09 11:34:31,700 [INFO] Removed client fd: 17
2025-05-09 11:34:31,701 [INFO] Set is_logged_in = 0 for user: liuyi
